[    0.000000] Linux version 4.15.0-212-generic (buildd@lcy02-amd64-083) (gcc version 7.5.0 (Ubuntu 7.5.0-3ubuntu1~18.04)) #223-Ubuntu SMP Tue May 23 13:09:22 UTC 2023 (Ubuntu 4.15.0-212.223-generic 4.15.18)
[    0.000000] Command line: BOOT_IMAGE=/boot/vmlinuz-4.15.0-212-generic root=LABEL=cloudimg-rootfs ro console=tty1 console=ttyS0
[    0.000000] KERNEL supported cpus:
[    0.000000]   Intel GenuineIntel
[    0.000000]   AMD AuthenticAMD
[    0.000000]   Centaur CentaurHauls
[    0.000000] x86/fpu: Supporting XSAVE feature 0x001: 'x87 floating point registers'
[    0.000000] x86/fpu: Supporting XSAVE feature 0x002: 'SSE registers'
[    0.000000] x86/fpu: Supporting XSAVE feature 0x004: 'AVX registers'
[    0.000000] x86/fpu: xstate_offset[2]:  576, xstate_sizes[2]:  256
[    0.000000] x86/fpu: Enabled xstate features 0x7, context size is 832 bytes, using 'standard' format.
[    0.000000] e820: BIOS-provided physical RAM map:
[    0.000000] BIOS-e820: [mem 0x0000000000000000-0x000000000009fbff] usable
[    0.000000] BIOS-e820: [mem 0x000000000009fc00-0x000000000009ffff] reserved
[    0.000000] BIOS-e820: [mem 0x00000000000f0000-0x00000000000fffff] reserved
[    0.000000] BIOS-e820: [mem 0x0000000000100000-0x000000007ffeffff] usable
[    0.000000] BIOS-e820: [mem 0x000000007fff0000-0x000000007fffffff] ACPI data
[    0.000000] BIOS-e820: [mem 0x00000000fec00000-0x00000000fec00fff] reserved
[    0.000000] BIOS-e820: [mem 0x00000000fee00000-0x00000000fee00fff] reserved
[    0.000000] BIOS-e820: [mem 0x00000000fffc0000-0x00000000ffffffff] reserved
[    0.000000] NX (Execute Disable) protection: active
[    0.000000] SMBIOS 2.5 present.
[    0.000000] DMI: innotek GmbH VirtualBox/VirtualBox, BIOS VirtualBox 12/01/2006
[    0.000000] Hypervisor detected: KVM
[    0.000000] e820: last_pfn = 0x7fff0 max_arch_pfn = 0x400000000
[    0.000000] MTRR: Disabled
[    0.000000] x86/PAT: MTRRs disabled, skipping PAT initialization too.
[    0.000000] CPU MTRRs all blank - virtualized system.
[    0.000000] x86/PAT: Configuration [0-7]: WB  WT  UC- UC  WB  WT  UC- UC  
[    0.000000] found SMP MP-table at [mem 0x0009fff0-0x0009ffff]
[    0.000000] Scanning 1 areas for low memory corruption
[    0.000000] RAMDISK: [mem 0x359cb000-0x36cdcfff]
[    0.000000] ACPI: Early table checksum verification disabled
[    0.000000] ACPI: RSDP 0x00000000000E0000 000024 (v02 VBOX  )
[    0.000000] ACPI: XSDT 0x000000007FFF0030 00003C (v01 VBOX   VBOXXSDT 00000001 ASL  00000061)
[    0.000000] ACPI: FACP 0x000000007FFF00F0 0000F4 (v04 VBOX   VBOXFACP 00000001 ASL  00000061)
[    0.000000] ACPI: DSDT 0x000000007FFF0610 002353 (v02 VBOX   VBOXBIOS 00000002 INTL 20230628)
[    0.000000] ACPI: FACS 0x000000007FFF0200 000040
[    0.000000] ACPI: FACS 0x000000007FFF0200 000040
[    0.000000] ACPI: APIC 0x000000007FFF0240 000054 (v02 VBOX   VBOXAPIC 00000001 ASL  00000061)
[    0.000000] ACPI: SSDT 0x000000007FFF02A0 00036C (v01 VBOX   VBOXCPUT 00000002 INTL 20230628)
[    0.000000] ACPI: Reserving FACP table memory at [mem 0x7fff00f0-0x7fff01e3]
[    0.000000] ACPI: Reserving DSDT table memory at [mem 0x7fff0610-0x7fff2962]
[    0.000000] ACPI: Reserving FACS table memory at [mem 0x7fff0200-0x7fff023f]
[    0.000000] ACPI: Reserving FACS table memory at [mem 0x7fff0200-0x7fff023f]
[    0.000000] ACPI: Reserving APIC table memory at [mem 0x7fff0240-0x7fff0293]
[    0.000000] ACPI: Reserving SSDT table memory at [mem 0x7fff02a0-0x7fff060b]
[    0.000000] No NUMA configuration found
[    0.000000] Faking a node at [mem 0x0000000000000000-0x000000007ffeffff]
[    0.000000] NODE_DATA(0) allocated [mem 0x7ffc5000-0x7ffeffff]
[    0.000000] kvm-clock: cpu 0, msr 0:7ff44001, primary cpu clock
[    0.000000] kvm-clock: Using msrs 4b564d01 and 4b564d00
[    0.000000] kvm-clock: using sched offset of 2897054180 cycles
[    0.000000] clocksource: kvm-clock: mask: 0xffffffffffffffff max_cycles: 0x1cd42e4dffb, max_idle_ns: 881590591483 ns
[    0.000000] Zone ranges:
[    0.000000]   DMA      [mem 0x0000000000001000-0x0000000000ffffff]
[    0.000000]   DMA32    [mem 0x0000000001000000-0x000000007ffeffff]
[    0.000000]   Normal   empty
[    0.000000]   Device   empty
[    0.000000] Movable zone start for each node
[    0.000000] Early memory node ranges
[    0.000000]   node   0: [mem 0x0000000000001000-0x000000000009efff]
[    0.000000]   node   0: [mem 0x0000000000100000-0x000000007ffeffff]
[    0.000000] Reserved but unavailable: 104 pages
[    0.000000] Initmem setup node 0 [mem 0x0000000000001000-0x000000007ffeffff]
[    0.000000] ACPI: PM-Timer IO Port: 0x4008
[    0.000000] IOAPIC[0]: apic_id 1, version 32, address 0xfec00000, GSI 0-23
[    0.000000] ACPI: INT_SRC_OVR (bus 0 bus_irq 0 global_irq 2 dfl dfl)
[    0.000000] ACPI: INT_SRC_OVR (bus 0 bus_irq 9 global_irq 9 low level)
[    0.000000] Using ACPI (MADT) for SMP configuration information
[    0.000000] smpboot: Allowing 1 CPUs, 0 hotplug CPUs
[    0.000000] PM: Registered nosave memory: [mem 0x00000000-0x00000fff]
[    0.000000] PM: Registered nosave memory: [mem 0x0009f000-0x0009ffff]
[    0.000000] PM: Registered nosave memory: [mem 0x000a0000-0x000effff]
[    0.000000] PM: Registered nosave memory: [mem 0x000f0000-0x000fffff]
[    0.000000] e820: [mem 0x80000000-0xfebfffff] available for PCI devices
[    0.000000] Booting paravirtualized kernel on KVM
[    0.000000] clocksource: refined-jiffies: mask: 0xffffffff max_cycles: 0xffffffff, max_idle_ns: 7645519600211568 ns
[    0.000000] setup_percpu: NR_CPUS:8192 nr_cpumask_bits:1 nr_cpu_ids:1 nr_node_ids:1
[    0.000000] percpu: Embedded 50 pages/cpu s167936 r8192 d28672 u2097152
[    0.000000] PV qspinlock hash table entries: 256 (order: 0, 4096 bytes)
[    0.000000] Built 1 zonelists, mobility grouping on.  Total pages: 515961
[    0.000000] Policy zone: DMA32
[    0.000000] Kernel command line: BOOT_IMAGE=/boot/vmlinuz-4.15.0-212-generic root=LABEL=cloudimg-rootfs ro console=tty1 console=ttyS0
[    0.000000] Memory: 2015036K/2096696K available (12300K kernel code, 2477K rwdata, 4324K rodata, 2480K init, 2720K bss, 81660K reserved, 0K cma-reserved)
[    0.000000] SLUB: HWalign=64, Order=0-3, MinObjects=0, CPUs=1, Nodes=1
[    0.000000] Kernel/User page tables isolation: enabled
[    0.000000] ftrace: allocating 39508 entries in 155 pages
[    0.004000] Hierarchical RCU implementation.
[    0.004000] 	RCU restricting CPUs from NR_CPUS=8192 to nr_cpu_ids=1.
[    0.004000] 	Tasks RCU enabled.
[    0.004000] RCU: Adjusting geometry for rcu_fanout_leaf=16, nr_cpu_ids=1
[    0.004000] NR_IRQS: 524544, nr_irqs: 256, preallocated irqs: 16
[    0.004000] random: crng init done
[    0.004000] Console: colour VGA+ 80x25
[    0.004000] console [tty1] enabled
[    0.004000] console [ttyS0] enabled
[    0.004000] ACPI: Core revision 20170831
[    0.004000] ACPI: 2 ACPI AML tables successfully acquired and loaded
[    0.004000] APIC: Switch to symmetric I/O mode setup
[    0.004000] x2apic enabled
[    0.004000] Switched APIC routing to physical x2apic.
[    0.004000] ..TIMER: vector=0x30 apic1=0 pin1=2 apic2=-1 pin2=-1
[    0.004000] tsc: Detected 3110.400 MHz processor
[    0.004000] Calibrating delay loop (skipped) preset value.. 6220.80 BogoMIPS (lpj=12441600)
[    0.004004] pid_max: default: 32768 minimum: 301
[    0.004490] Security Framework initialized
[    0.004921] Yama: becoming mindful.
[    0.005304] AppArmor: AppArmor initialized
[    0.006058] Dentry cache hash table entries: 262144 (order: 9, 2097152 bytes)
[    0.006993] Inode-cache hash table entries: 131072 (order: 8, 1048576 bytes)
[    0.008012] Mount-cache hash table entries: 4096 (order: 3, 32768 bytes)
[    0.008671] Mountpoint-cache hash table entries: 4096 (order: 3, 32768 bytes)
[    0.009541] process: using mwait in idle threads
[    0.010016] Last level iTLB entries: 4KB 0, 2MB 0, 4MB 0
[    0.010730] Last level dTLB entries: 4KB 0, 2MB 0, 4MB 0, 1GB 0
[    0.011454] Spectre V1 : Mitigation: usercopy/swapgs barriers and __user pointer sanitization
[    0.012001] Spectre V2 : Mitigation: Retpolines
[    0.012599] Spectre V2 : Spectre v2 / SpectreRSB mitigation: Filling RSB on context switch
[    0.013571] Spectre V2 : Spectre v2 / SpectreRSB : Filling RSB on VMEXIT
[    0.014319] Speculative Store Bypass: Vulnerable
[    0.014942] MDS: Mitigation: Clear CPU buffers
[    0.021933] Freeing SMP alternatives memory: 36K
[    0.132336] smpboot: CPU0: 12th Gen Intel(R) Core(TM) i5-12500H (family: 0x6, model: 0x9a, stepping: 0x3)
[    0.133783] Performance Events: unsupported p6 CPU model 154 no PMU driver, software events only.
[    0.134940] Hierarchical SRCU implementation.
[    0.135652] NMI watchdog: Perf event create on CPU 0 failed with -2
[    0.136000] NMI watchdog: Perf NMI watchdog permanently disabled
[    0.136022] smp: Bringing up secondary CPUs ...
[    0.136599] smp: Brought up 1 node, 1 CPU
[    0.137100] smpboot: Max logical packages: 1
[    0.137646] smpboot: Total of 1 processors activated (6220.80 BogoMIPS)
[    0.138520] devtmpfs: initialized
[    0.138978] x86/mm: Memory block size: 128MB
[    0.140094] evm: security.selinux
[    0.140524] evm: security.SMACK64
[    0.140956] evm: security.SMACK64EXEC
[    0.141424] evm: security.SMACK64TRANSMUTE
[    0.141947] evm: security.SMACK64MMAP
[    0.142412] evm: security.apparmor
[    0.142856] evm: security.ima
[    0.143252] evm: security.capability
[    0.143779] clocksource: jiffies: mask: 0xffffffff max_cycles: 0xffffffff, max_idle_ns: 7645041785100000 ns
[    0.144004] futex hash table entries: 256 (order: 2, 16384 bytes)
[    0.144763] pinctrl core: initialized pinctrl subsystem
[    0.145469] RTC time: 13:07:51, date: 07/28/24
[    0.146074] NET: Registered protocol family 16
[    0.146663] audit: initializing netlink subsys (disabled)
[    0.148062] cpuidle: using governor ladder
[    0.148595] cpuidle: using governor menu
[    0.149148] ACPI: bus type PCI registered
[    0.149698] acpiphp: ACPI Hot Plug PCI Controller Driver version: 0.5
[    0.150528] PCI: Using configuration type 1 for base access
[    0.151216] audit: type=2000 audit(1722172075.739:1): state=initialized audit_enabled=0 res=1
[    0.152507] HugeTLB registered 2.00 MiB page size, pre-allocated 0 pages
[    0.153429] ACPI: Added _OSI(Module Device)
[    0.153957] ACPI: Added _OSI(Processor Device)
[    0.154508] ACPI: Added _OSI(3.0 _SCP Extensions)
[    0.155103] ACPI: Added _OSI(Processor Aggregator Device)
[    0.156003] ACPI: Added _OSI(Linux-Dell-Video)
[    0.156571] ACPI: Added _OSI(Linux-Lenovo-NV-HDMI-Audio)
[    0.157214] ACPI: Added _OSI(Linux-HPI-Hybrid-Graphics)
[    0.158007] ACPI: Executed 1 blocks of module-level executable AML code
[    0.160655] ACPI: Interpreter enabled
[    0.161154] ACPI: (supports S0 S5)
[    0.161597] ACPI: Using IOAPIC for interrupt routing
[    0.162322] PCI: Using host bridge windows from ACPI; if necessary, use "pci=nocrs" and report a bug
[    0.163508] ACPI: Enabled 2 GPEs in block 00 to 07
[    0.166902] ACPI: PCI Root Bridge [PCI0] (domain 0000 [bus 00-ff])
[    0.167709] acpi PNP0A03:00: _OSC: OS supports [ASPM ClockPM Segments MSI]
[    0.168222] acpi PNP0A03:00: _OSC: not requesting OS control; OS requires [ExtendedConfig ASPM ClockPM MSI]
[    0.169405] acpi PNP0A03:00: fail to add MMCONFIG information, can't access extended PCI configuration space under this bridge.
[    0.170940] PCI host bridge to bus 0000:00
[    0.171453] pci_bus 0000:00: root bus resource [io  0x0000-0x0cf7 window]
[    0.172001] pci_bus 0000:00: root bus resource [io  0x0d00-0xffff window]
[    0.172816] pci_bus 0000:00: root bus resource [mem 0x000a0000-0x000bffff window]
[    0.173785] pci_bus 0000:00: root bus resource [mem 0x80000000-0xfdffffff window]
[    0.175153] pci_bus 0000:00: root bus resource [bus 00-ff]
[    0.176932] pci 0000:00:01.1: legacy IDE quirk: reg 0x10: [io  0x01f0-0x01f7]
[    0.177795] pci 0000:00:01.1: legacy IDE quirk: reg 0x14: [io  0x03f6]
[    0.178570] pci 0000:00:01.1: legacy IDE quirk: reg 0x18: [io  0x0170-0x0177]
[    0.179490] pci 0000:00:01.1: legacy IDE quirk: reg 0x1c: [io  0x0376]
[    0.190077] pci 0000:00:07.0: quirk: [io  0x4000-0x403f] claimed by PIIX4 ACPI
[    0.191118] pci 0000:00:07.0: quirk: [io  0x4100-0x410f] claimed by PIIX4 SMB
[    0.197048] ACPI: PCI Interrupt Link [LNKA] (IRQs 5 9 10 *11)
[    0.197938] ACPI: PCI Interrupt Link [LNKB] (IRQs 5 9 *10 11)
[    0.198694] ACPI: PCI Interrupt Link [LNKC] (IRQs 5 *9 10 11)
[    0.199442] ACPI: PCI Interrupt Link [LNKD] (IRQs 5 9 10 *11)
[    0.200161] SCSI subsystem initialized
[    0.200713] pci 0000:00:02.0: vgaarb: setting as boot VGA device
[    0.201460] pci 0000:00:02.0: vgaarb: VGA device added: decodes=io+mem,owns=io+mem,locks=none
[    0.202511] pci 0000:00:02.0: vgaarb: bridge control possible
[    0.203200] vgaarb: loaded
[    0.203584] ACPI: bus type USB registered
[    0.204000] usbcore: registered new interface driver usbfs
[    0.204006] usbcore: registered new interface driver hub
[    0.204669] usbcore: registered new device driver usb
[    0.205327] EDAC MC: Ver: 3.0.0
[    0.205878] PCI: Using ACPI for IRQ routing
[    0.206536] NetLabel: Initializing
[    0.206998] NetLabel:  domain hash size = 128
[    0.208000] NetLabel:  protocols = UNLABELED CIPSOv4 CALIPSO
[    0.208673] NetLabel:  unlabeled traffic allowed by default
[    0.209376] clocksource: Switched to clocksource kvm-clock
[    0.213797] VFS: Disk quotas dquot_6.6.0
[    0.214411] VFS: Dquot-cache hash table entries: 512 (order 0, 4096 bytes)
[    0.215313] AppArmor: AppArmor Filesystem Enabled
[    0.215941] pnp: PnP ACPI init
[    0.216849] pnp: PnP ACPI: found 3 devices
[    0.222288] clocksource: acpi_pm: mask: 0xffffff max_cycles: 0xffffff, max_idle_ns: 2085701024 ns
[    0.223332] NET: Registered protocol family 2
[    0.223943] IP idents hash table entries: 32768 (order: 6, 262144 bytes)
[    0.224903] TCP established hash table entries: 16384 (order: 5, 131072 bytes)
[    0.225826] TCP bind hash table entries: 16384 (order: 6, 262144 bytes)
[    0.226663] TCP: Hash tables configured (established 16384 bind 16384)
[    0.227670] UDP hash table entries: 1024 (order: 3, 32768 bytes)
[    0.228429] UDP-Lite hash table entries: 1024 (order: 3, 32768 bytes)
[    0.229222] NET: Registered protocol family 1
[    0.229780] pci 0000:00:00.0: Limiting direct PCI/PCI transfers
[    0.230541] pci 0000:00:01.0: Activating ISA DMA hang workarounds
[    0.231393] pci 0000:00:02.0: Video device with shadowed ROM at [mem 0x000c0000-0x000dffff]
[    0.232561] Unpacking initramfs...
[    0.412802] Freeing initrd memory: 19528K
[    0.420270] clocksource: tsc: mask: 0xffffffffffffffff max_cycles: 0x2cd5a8bb032, max_idle_ns: 440795365915 ns
[    0.421515] platform rtc_cmos: registered platform RTC device (no PNP device found)
[    0.422373] Scanning for low memory corruption every 60 seconds
[    0.423251] Initialise system trusted keyrings
[    0.423738] Key type blacklist registered
[    0.424200] workingset: timestamp_bits=36 max_order=19 bucket_order=0
[    0.425220] zbud: loaded
[    0.425805] squashfs: version 4.0 (2009/01/31) Phillip Lougher
[    0.426745] fuse init (API version 7.26)
[    0.427540] Key type asymmetric registered
[    0.428018] Asymmetric key parser 'x509' registered
[    0.428540] Block layer SCSI generic (bsg) driver version 0.4 loaded (major 246)
[    0.429321] io scheduler noop registered
[    0.429748] io scheduler deadline registered
[    0.430219] io scheduler cfq registered (default)
[    0.430898] ACPI: AC Adapter [AC] (on-line)
[    0.431383] input: Power Button as /devices/LNXSYSTM:00/LNXPWRBN:00/input/input0
[    0.432194] ACPI: Power Button [PWRF]
[    0.432735] input: Sleep Button as /devices/LNXSYSTM:00/LNXSLPBN:00/input/input1
[    0.433518] ACPI: Sleep Button [SLPF]
[    0.434451] ACPI: Battery Slot [BAT0] (battery present)
[    0.435103] Serial: 8250/16550 driver, 32 ports, IRQ sharing enabled
[    0.456328] 00:02: ttyS0 at I/O 0x3f8 (irq = 4, base_baud = 115200) is a 16550A
[    0.457734] Linux agpgart interface v0.103
[    0.458697] loop: module loaded
[    0.459352] scsi host0: ata_piix
[    0.459853] scsi host1: ata_piix
[    0.460249] ata1: PATA max UDMA/33 cmd 0x1f0 ctl 0x3f6 bmdma 0xd000 irq 14
[    0.460932] ata2: PATA max UDMA/33 cmd 0x170 ctl 0x376 bmdma 0xd008 irq 15
[    0.461891] tun: Universal TUN/TAP device driver, 1.6
[    0.462421] PPP generic driver version 2.4.2
[    0.462890] ehci_hcd: USB 2.0 'Enhanced' Host Controller (EHCI) Driver
[    0.463539] ehci-pci: EHCI PCI platform driver
[    0.464043] ehci-platform: EHCI generic platform driver
[    0.464606] ohci_hcd: USB 1.1 'Open' Host Controller (OHCI) Driver
[    0.465216] ohci-pci: OHCI PCI platform driver
[    0.465682] ohci-platform: OHCI generic platform driver
[    0.466259] uhci_hcd: USB Universal Host Controller Interface driver
[    0.466910] i8042: PNP: PS/2 Controller [PNP0303:PS2K,PNP0f03:PS2M] at 0x60,0x64 irq 1,12
[    0.468074] serio: i8042 KBD port at 0x60,0x64 irq 1
[    0.468642] serio: i8042 AUX port at 0x60,0x64 irq 12
[    0.469180] mousedev: PS/2 mouse device common for all mice
[    0.469881] input: AT Translated Set 2 keyboard as /devices/platform/i8042/serio0/input/input2
[    0.470967] rtc_cmos rtc_cmos: rtc core: registered rtc_cmos as rtc0
[    0.471689] rtc_cmos rtc_cmos: alarms up to one day, 114 bytes nvram
[    0.472321] i2c /dev entries driver
[    0.472725] device-mapper: uevent: version 1.0.3
[    0.473222] device-mapper: ioctl: 4.37.0-ioctl (2017-09-20) initialised: dm-devel@redhat.com
[    0.474070] ledtrig-cpu: registered to indicate activity on CPUs
[    0.474823] NET: Registered protocol family 10
[    0.476887] Segment Routing with IPv6
[    0.477351] NET: Registered protocol family 17
[    0.477878] Key type dns_resolver registered
[    0.478390] mce: Using 0 MCE banks
[    0.478824] RAS: Correctable Errors collector initialized.
[    0.479391] sched_clock: Marking stable (476334897, 0)->(577043645, -100708748)
[    0.480204] registered taskstats version 1
[    0.480682] Loading compiled-in X.509 certificates
[    0.482120] Loaded X.509 cert 'Build time autogenerated kernel key: b5b26778eaa3ab3a4a6cee031137706e947d12ad'
[    0.483472] Loaded X.509 cert 'Canonical Ltd. Live Patch Signing: 14df34d1a87cf37625abec039ef2bf521249b969'
[    0.484799] Loaded X.509 cert 'Canonical Ltd. Kernel Module Signing: 88f752e560a1e0737e31163a466ad7b70a850c19'
[    0.485792] blacklist: Loading compiled-in revocation X.509 certificates
[    0.486456] Loaded X.509 cert 'Canonical Ltd. Secure Boot Signing: 61482aa2830d0ab2ad5af10b7250da9033ddcef0'
[    0.487430] Loaded X.509 cert 'Canonical Ltd. Secure Boot Signing (2017): 242ade75ac4a15e50d50c84b0d45ff3eae707a03'
[    0.488466] Loaded X.509 cert 'Canonical Ltd. Secure Boot Signing (ESM 2018): 365188c1d374d6b07c3c8f240f8ef722433d6a8b'
[    0.489538] Loaded X.509 cert 'Canonical Ltd. Secure Boot Signing (2019): c0746fd6c5da3ae827864651ad66ae47fe24b3e8'
[    0.490557] Loaded X.509 cert 'Canonical Ltd. Secure Boot Signing (2021 v1): a8d54bbb3825cfb94fa13c9f8a594a195c107b8d'
[    0.491600] Loaded X.509 cert 'Canonical Ltd. Secure Boot Signing (2021 v2): 4cf046892d6fd3c9a5b03f98d845f90851dc6a8c'
[    0.492683] Loaded X.509 cert 'Canonical Ltd. Secure Boot Signing (2021 v3): 100437bb6de6e469b581e61cd66bce3ef4ed53af'
[    0.493851] Loaded X.509 cert 'Canonical Ltd. Secure Boot Signing (Ubuntu Core 2019): c1d57b8f6b743f23ee41f4f7ee292f06eecadfb9'
[    0.495047] zswap: loaded using pool lzo/zbud
[    0.496779] Key type big_key registered
[    0.497204] Key type trusted registered
[    0.498207] Key type encrypted registered
[    0.498801] AppArmor: AppArmor sha1 policy hashing enabled
[    0.499360] ima: No TPM chip found, activating TPM-bypass! (rc=-19)
[    0.499995] ima: Allocated hash algorithm: sha1
[    0.500515] evm: HMAC attrs: 0x1
[    0.501017]   Magic number: 0:554:130
[    0.501433] acpi device:05: hash matches
[    0.501889] rtc_cmos rtc_cmos: setting system clock to 2024-07-28 13:07:51 UTC (1722172071)
[    0.502780] BIOS EDD facility v0.16 2004-Jun-25, 0 devices found
[    0.503387] EDD information not available.
[    0.643262] Freeing unused kernel image memory: 2480K
[    0.652225] Write protecting the kernel read-only data: 20480k
[    0.653252] Freeing unused kernel image memory: 2008K
[    0.653976] Freeing unused kernel image memory: 1820K
[    0.657400] x86/mm: Checked W+X mappings: passed, no W+X pages found.
[    0.658108] x86/mm: Checking user space page tables
[    0.661552] x86/mm: Checked W+X mappings: passed, no W+X pages found.
Loading, please wait...
starting version 237
[    0.708150] e1000: Intel(R) PRO/1000 Network Driver - version 7.3.21-k8-NAPI
[    0.709138] e1000: Copyright (c) 1999-2006 Intel Corporation.
[    0.712729] Fusion MPT base driver 3.04.20
[    0.713272] Copyright (c) 1999-2008 LSI Corporation
[    0.715326] Fusion MPT SPI Host driver 3.04.20
[    0.727955] AVX2 version of gcm_enc/dec engaged.
[    0.728612] AES CTR mode by8 optimization enabled
[    0.922939] input: ImExPS/2 Generic Explorer Mouse as /devices/platform/i8042/serio1/input/input4
[    1.051140] e1000 0000:00:03.0 eth0: (PCI:33MHz:32-bit) 02:3b:7b:b7:3b:2d
[    1.051927] e1000 0000:00:03.0 eth0: Intel(R) PRO/1000 Network Connection
[    1.053067] mptbase: ioc0: Initiating bringup
[    1.160280] ioc0: LSI53C1030 A0: Capabilities={Initiator}
[    1.400748] scsi host2: ioc0: LSI53C1030 A0, FwRev=00000000h, Ports=1, MaxQ=256, IRQ=20
[    1.569366] scsi 2:0:0:0: Direct-Access     VBOX     HARDDISK         1.0  PQ: 0 ANSI: 5
[    1.570795] scsi target2:0:0: Beginning Domain Validation
[    1.572005] scsi target2:0:0: Domain Validation skipping write tests
[    1.572686] scsi target2:0:0: Ending Domain Validation
[    1.573364] scsi target2:0:0: asynchronous
[    1.574118] scsi 2:0:1:0: Direct-Access     VBOX     HARDDISK         1.0  PQ: 0 ANSI: 5
[    1.574962] scsi target2:0:1: Beginning Domain Validation
[    1.575894] scsi target2:0:1: Domain Validation skipping write tests
[    1.576575] scsi target2:0:1: Ending Domain Validation
[    1.577155] scsi target2:0:1: asynchronous
[    1.579118] sd 2:0:0:0: [sda] 83886080 512-byte logical blocks: (42.9 GB/40.0 GiB)
[    1.579972] sd 2:0:0:0: Attached scsi generic sg0 type 0
[    1.580556] sd 2:0:0:0: [sda] Write Protect is off
[    1.581142] sd 2:0:0:0: [sda] Incomplete mode parameter data
[    1.581760] sd 2:0:0:0: [sda] Assuming drive cache: write through
[    1.582838] sd 2:0:1:0: [sdb] 20480 512-byte logical blocks: (10.5 MB/10.0 MiB)
[    1.583633] sd 2:0:1:0: [sdb] Write Protect is off
[    1.584164] sd 2:0:1:0: [sdb] Incomplete mode parameter data
[    1.584771] sd 2:0:1:0: [sdb] Assuming drive cache: write through
[    1.585618] sd 2:0:1:0: Attached scsi generic sg1 type 0
[    1.589838]  sda: sda1
[    1.590437] sd 2:0:0:0: [sda] Attached SCSI disk
[    1.591545] sd 2:0:1:0: [sdb] Attached SCSI disk
[    1.915169] e1000 0000:00:08.0 eth1: (PCI:33MHz:32-bit) 08:00:27:6c:06:7d
[    1.916036] e1000 0000:00:08.0 eth1: Intel(R) PRO/1000 Network Connection
[    1.917346] e1000 0000:00:08.0 enp0s8: renamed from eth1
[    1.918806] e1000 0000:00:03.0 enp0s3: renamed from eth0
Begin: Loading essential drivers ... [    3.257080] raid6: sse2x1   gen() 24067 MB/s
[    3.319589] raid6: sse2x1   xor() 15228 MB/s
[    3.389683] raid6: sse2x2   gen() 31007 MB/s
[    3.453041] raid6: sse2x2   xor() 17943 MB/s
[    3.509508] raid6: sse2x4   gen() 29633 MB/s
[    3.559493] raid6: sse2x4   xor() 12737 MB/s
[    3.633604] raid6: avx2x1   gen() 47362 MB/s
[    3.697055] raid6: avx2x1   xor() 29801 MB/s
[    3.760415] raid6: avx2x2   gen() 43923 MB/s
[    3.820013] raid6: avx2x2   xor() 30873 MB/s
[    3.872439] raid6: avx2x4   gen() 46015 MB/s
[    3.947292] raid6: avx2x4   xor() 18384 MB/s
[    3.947896] raid6: using algorithm avx2x1 gen() 47362 MB/s
[    3.948477] raid6: .... xor() 29801 MB/s, rmw enabled
[    3.948995] raid6: using avx2x2 recovery algorithm
[    3.950553] xor: automatically using best checksumming function   avx       
[    3.952041] async_tx: api initialized (async)
done.
Begin: Running /scripts/init-premount ... done.
Begin: Mounting root file system ... Begin: Running /scripts/local-top ... done.
Begin: Running /scripts/local-premount ... [    3.980418] Btrfs loaded, crc32c=crc32c-intel
Scanning for Btrfs filesystems
done.
Warning: fsck not present, so skipping root file system
[    4.006689] EXT4-fs (sda1): mounted filesystem with ordered data mode. Opts: (null)
done.
Begin: Running /scripts/local-bottom ... done.
Begin: Running /scripts/init-bottom ... done.
[    4.127422] ip_tables: (C) 2000-2006 Netfilter Core Team
[    4.132969] systemd[1]: systemd 237 running in system mode. (+PAM +AUDIT +SELINUX +IMA +APPARMOR +SMACK +SYSVINIT +UTMP +LIBCRYPTSETUP +GCRYPT +GNUTLS +ACL +XZ +LZ4 +SECCOMP +BLKID +ELFUTILS +KMOD -IDN2 +IDN -PCRE2 default-hierarchy=hybrid)
[    4.135472] systemd[1]: Detected virtualization oracle.
[    4.136024] systemd[1]: Detected architecture x86-64.

Welcome to [1mUbuntu 18.04.6 LTS[0m!

[    4.138084] systemd[1]: Set hostname to <ubuntu>.
[    4.139298] systemd[1]: Initializing machine ID from random generator.
[    4.140008] systemd[1]: Installed transient /etc/machine-id file.
[    4.295184] systemd[1]: Created slice System Slice.
[[0;32m  OK  [0m] Created slice System Slice.
[    4.296603] systemd[1]: Created slice system-serial\x2dgetty.slice.
[[0;32m  OK  [0m] Created slice system-serial\x2dgetty.slice.
[    4.298467] systemd[1]: Listening on /dev/initctl Compatibility Named Pipe.
[[0;32m  OK  [0m] Listening on /dev/initctl Compatibility Named Pipe.
[    4.301501] systemd[1]: Created slice User and Session Slice.
[[0;32m  OK  [0m] Created slice User and Session Slice.
[[0;32m  OK  [0m] Listening on Syslog Socket.
[[0;32m  OK  [0m] Listening on Journal Audit Socket.
[[0;32m  OK  [0m] Listening on udev Kernel Socket.
[[0;32m  OK  [0m] Listening on LVM2 poll daemon socket.
[[0;32m  OK  [0m] Listening on Network Service Netlink Socket.
[[0;32m  OK  [0m] Reached target User and Group Name Lookups.
[[0;32m  OK  [0m] Listening on LVM2 metadata daemon socket.
[[0;32m  OK  [0m] Reached target Slices.
[[0;32m  OK  [0m] Reached target Swap.
[[0;32m  OK  [0m] Listening on Device-mapper event daemon FIFOs.
[[0;32m  OK  [0m] Listening on Journal Socket.
         Starting Create list of required st…ce nodes for the current kernel...
         Starting Monitoring of LVM2 mirrors…ng dmeventd or progress polling...
[[0;32m  OK  [0m] Listening on udev Control Socket.
         Starting udev Coldplug all Devices...
[[0;32m  OK  [0m] Listening on fsck to fsckd communication Socket.
         Starting File System Check on Root Device...
[[0;32m  OK  [0m] Set up automount Arbitrary Executab…rmats File System Automount Point.
         Starting Uncomplicated firewall...
         Starting Set the console keyboard layout...
[[0;32m  OK  [0m] Listening on Journal Socket (/dev/log).
         Starting Journal Service...
[[0;32m  OK  [0m] Reached target Mounting snaps.
[[0;32m  OK  [0m] Reached target Mounted snaps.
         Mounting Kernel Debug File System...
         Starting Load Kernel Modules...
         Mounting Huge Pages File System...
[[0;32m  OK  [0m] Reached target System Time Synchronized.
[[0;32m  OK  [0m] Started Forward Password Requests to Wall Directory Watch.
         Mounting POSIX Message Queue File System...
[[0;32m  OK  [0m] Started File System Check Daemon to report status.
[[0;32m  OK  [0m] Started LVM2 metadata daemon.
[[0;32m  OK  [0m] Started Create list of required sta…vice nodes for the current kernel.
         Starting Create Static Device Nodes in /dev...
[[0;32m  OK  [0m] Started Uncomplicated firewall.
[[0;32m  OK  [0m] Started Journal Service.
[[0;32m  OK  [0m] Started udev Coldplug all Devices.
[    4.417335] Loading iSCSI transport class v2.0-870.
[    4.421977] iscsi: registered transport (tcp)
[[0;32m  OK  [0m] Started Create Static Device Nodes in /dev.
[[0;32m  OK  [0m] Mounted Kernel Debug File System.
[[0;32m  OK  [0m] Mounted POSIX Message Queue File System.
[[0;32m  OK  [0m] Mounted Huge Pages File System.
[[0;32m  OK  [0m] Started File System Check on Root Device.
         Starting Remount Root and Kernel File Systems...
[    4.471765] iscsi: registered transport (iser)
[[0;32m  OK  [0m] Started Load Kernel Modules.
         Mounting FUSE Control File System...
         Mounting Kernel Configuration File System...
         Starting Apply Kernel Variables...
[[0;32m  OK  [0m] Mounted FUSE Control File System.
[[0;32m  OK  [0m] Mounted Kernel Configuration File System.
[[0;32m  OK  [0m] Started Monitoring of LVM2 mirrors,…sing dmeventd or progress polling.
[[0;32m  OK  [0m] Started Remount Root and Kernel File Systems.
         Starting Flush Journal to Persistent Storage...
         Starting udev Kernel Device Manager...
         Starting Load/Save Random Seed...
[[0;32m  OK  [0m] Started Apply Kernel Variables.
[[0;32m  OK  [0m] Started Load/Save Random Seed.
[[0;32m  OK  [0m] Started udev Kernel Device Manager.
[[0;32m  OK  [0m] Started Flush Journal to Persistent Storage.
[[0;32m  OK  [0m] Found device /dev/ttyS0.
[[0;32m  OK  [0m] Listening on Load/Save RF Kill Switch Status /dev/rfkill Watch.
         Mounting Arbitrary Executable File Formats File System...
[[0;32m  OK  [0m] Mounted Arbitrary Executable File Formats File System.
[[0;32m  OK  [0m] Started Set the console keyboard layout.
[[0;32m  OK  [0m] Reached target Local File Systems (Pre).
[[0;32m  OK  [0m] Reached target Local File Systems.
         Starting Set console font and keymap...
         Starting ebtables ruleset management...
         Starting Tell Plymouth To Write Out Runtime Data...
         Starting AppArmor initialization...
         Starting Create Volatile Files and Directories...
         Starting Commit a transient machine-id on disk...
[[0;32m  OK  [0m] Started Dispatch Password Requests to Console Directory Watch.
[[0;32m  OK  [0m] Reached target Local Encrypted Volumes.
[[0;32m  OK  [0m] Started Tell Plymouth To Write Out Runtime Data.
[[0;32m  OK  [0m] Started Create Volatile Files and Directories.
         Starting Update UTMP about System Boot/Shutdown...
[[0;32m  OK  [0m] Started Commit a transient machine-id on disk.
[[0;32m  OK  [0m] Started Update UTMP about System Boot/Shutdown.
[[0;32m  OK  [0m] Started ebtables ruleset management.
[[0;32m  OK  [0m] Started AppArmor initialization.
         Starting Load AppArmor profiles managed internally by snapd...
         Starting Initial cloud-init job (pre-networking)...
[[0;32m  OK  [0m] Started Load AppArmor profiles managed internally by snapd.
[[0;32m  OK  [0m] Started Set console font and keymap.
[    7.424456] cloud-init[670]: Cloud-init v. 23.1.2-0ubuntu0~18.04.1 running 'init-local' at Sun, 28 Jul 2024 13:07:58 +0000. Up 7.24 seconds.
[[0;32m  OK  [0m] Started Initial cloud-init job (pre-networking).
[[0;32m  OK  [0m] Reached target Network (Pre).
         Starting Network Service...
[[0;32m  OK  [0m] Started Network Service.
         Starting Wait for Network to be Configured...
         Starting Network Name Resolution...
[[0;32m  OK  [0m] Started Network Name Resolution.
[[0;32m  OK  [0m] Reached target Host and Network Name Lookups.
[[0;32m  OK  [0m] Reached target Network.
[[0;32m  OK  [0m] Started Wait for Network to be Configured.
         Starting Initial cloud-init job (metadata service crawler)...
[    9.275543] cloud-init[978]: Cloud-init v. 23.1.2-0ubuntu0~18.04.1 running 'init' at Sun, 28 Jul 2024 13:08:00 +0000. Up 9.20 seconds.
[    9.276561] cloud-init[978]: ci-info: ++++++++++++++++++++++++++++++++++++++Net device info+++++++++++++++++++++++++++++++++++++++
[    9.277138] cloud-init[978]: ci-info: +--------+-------+----------------------------+---------------+--------+-------------------+
[    9.277747] cloud-init[978]: ci-info: | Device |   Up  |          Address           |      Mask     | Scope  |     Hw-Address    |
[    9.278443] cloud-init[978]: ci-info: +--------+-------+----------------------------+---------------+--------+-------------------+
[    9.279073] cloud-init[978]: ci-info: | enp0s3 |  True |         10.0.2.15          | 255.255.255.0 | global | 02:3b:7b:b7:3b:2d |
[    9.280079] cloud-init[978]: ci-info: | enp0s3 |  True | fe80::3b:7bff:feb7:3b2d/64 |       .       |  link  | 02:3b:7b:b7:3b:2d |
[    9.281308] cloud-init[978]: ci-info: | enp0s8 | False |             .              |       .       |   .    | 08:00:27:6c:06:7d |
[    9.281934] cloud-init[978]: ci-info: |   lo   |  True |         127.0.0.1          |   255.0.0.0   |  host  |         .         |
[    9.282521] cloud-init[978]: ci-info: |   lo   |  True |          ::1/128           |       .       |  host  |         .         |
[    9.283610] cloud-init[978]: ci-info: +--------+-------+----------------------------+---------------+--------+-------------------+
[    9.285402] cloud-init[978]: ci-info: ++++++++++++++++++++++++++++Route IPv4 info+++++++++++++++++++++++++++++
[    9.285977] cloud-init[978]: ci-info: +-------+-------------+----------+-----------------+-----------+-------+
[    9.287633] cloud-init[978]: ci-info: | Route | Destination | Gateway  |     Genmask     | Interface | Flags |
[    9.288145] cloud-init[978]: ci-info: +-------+-------------+----------+-----------------+-----------+-------+
[    9.288666] cloud-init[978]: ci-info: |   0   |   0.0.0.0   | 10.0.2.2 |     0.0.0.0     |   enp0s3  |   UG  |
[    9.290231] cloud-init[978]: ci-info: |   1   |   10.0.2.0  | 0.0.0.0  |  255.255.255.0  |   enp0s3  |   U   |
[    9.290821] cloud-init[978]: ci-info: |   2   |   10.0.2.2  | 0.0.0.0  | 255.255.255.255 |   enp0s3  |   UH  |
[    9.292080] cloud-init[978]: ci-info: +-------+-------------+----------+-----------------+-----------+-------+
[    9.293000] cloud-init[978]: ci-info: +++++++++++++++++++Route IPv6 info+++++++++++++++++++
[    9.293532] cloud-init[978]: ci-info: +-------+-------------+---------+-----------+-------+
[    9.295792] cloud-init[978]: ci-info: | Route | Destination | Gateway | Interface | Flags |
[    9.296401] cloud-init[978]: ci-info: +-------+-------------+---------+-----------+-------+
[    9.296823] cloud-init[978]: ci-info: |   1   |  fe80::/64  |    ::   |   enp0s3  |   U   |
[    9.297357] cloud-init[978]: ci-info: |   3   |    local    |    ::   |   enp0s3  |   U   |
[    9.297889] cloud-init[978]: ci-info: |   4   |   ff00::/8  |    ::   |   enp0s3  |   U   |
[    9.298409] cloud-init[978]: ci-info: +-------+-------------+---------+-----------+-------+
[    9.738736] cloud-init[978]: Generating public/private rsa key pair.
[    9.739089] cloud-init[978]: Your identification has been saved in /etc/ssh/ssh_host_rsa_key.
[    9.739509] cloud-init[978]: Your public key has been saved in /etc/ssh/ssh_host_rsa_key.pub.
[    9.739985] cloud-init[978]: The key fingerprint is:
[    9.740342] cloud-init[978]: SHA256:eeyxC7kbluAGRaqk4Qdq9E3yW76LR/94OSG6/FWk9Ks root@ubuntu-bionic
[    9.740823] cloud-init[978]: The key's randomart image is:
[    9.741165] cloud-init[978]: +---[RSA 2048]----+
[    9.741489] cloud-init[978]: |      .          |
[    9.741797] cloud-init[978]: |     o           |
[    9.742108] cloud-init[978]: |.o.....    . .   |
[    9.744142] cloud-init[978]: |++o.=.   o. +    |
[    9.744486] cloud-init[978]: |oo.o.o..S +. o   |
[    9.744852] cloud-init[978]: |. .  o+o * +. .  |
[    9.745162] cloud-init[978]: |     .+.O +.o.   |
[    9.745466] cloud-init[978]: |     .o+.=o=.    |
[    9.748120] cloud-init[978]: |     ..=*++E.    |
[    9.748378] cloud-init[978]: +----[SHA256]-----+
[    9.748724] cloud-init[978]: Generating public/private dsa key pair.
[    9.749106] cloud-init[978]: Your identification has been saved in /etc/ssh/ssh_host_dsa_key.
[    9.749570] cloud-init[978]: Your public key has been saved in /etc/ssh/ssh_host_dsa_key.pub.
[    9.750040] cloud-init[978]: The key fingerprint is:
[    9.750369] cloud-init[978]: SHA256:GqQ5u4yQ1DNzMUHOa92CBTdvTRSorZzC6Y13eUyL6jE root@ubuntu-bionic
[    9.752091] cloud-init[978]: The key's randomart image is:
[    9.752462] cloud-init[978]: +---[DSA 1024]----+
[    9.752788] cloud-init[978]: |    .+ o  o+.    |
[    9.756138] cloud-init[978]: |    o + o.o      |
[    9.756387] cloud-init[978]: |     =..oo .     |
[    9.756706] cloud-init[978]: |  .  +B.o.       |
[    9.757015] cloud-init[978]: | . ===+oS.       |
[    9.757349] cloud-init[978]: |..  ** *.  .     |
[    9.757659] cloud-init[978]: |o   o =E  = .    |
[    9.757980] cloud-init[978]: | . o + oo+ +     |
[    9.758302] cloud-init[978]: |  . o ooo .      |
[    9.758623] cloud-init[978]: +----[SHA256]-----+
[    9.758921] cloud-init[978]: Generating public/private ecdsa key pair.
[    9.760080] cloud-init[978]: Your identification has been saved in /etc/ssh/ssh_host_ecdsa_key.
[    9.764185] cloud-init[978]: Your public key has been saved in /etc/ssh/ssh_host_ecdsa_key.pub.
[    9.764686] cloud-init[978]: The key fingerprint is:
[    9.765051] cloud-init[978]: SHA256:pVvzZKd3pZ2HMRMSiXnlzQxLkerEhxOU1vemAFiWrwU root@ubuntu-bionic
[    9.765562] cloud-init[978]: The key's randomart image is:
[    9.765944] cloud-init[978]: +---[ECDSA 256]---+
[    9.766300] cloud-init[978]: |         oo=o==o |
[    9.766622] cloud-init[978]: |        ..E *+o*.|
[    9.766931] cloud-init[978]: |          .B.++.=|
[    9.767269] cloud-init[978]: |         o  X...o|
[    9.767600] cloud-init[978]: |        S o=o+=o.|
[    9.781909] cloud-init[978]: |         o.=.o.Bo|
[    9.782326] cloud-init[978]: |        .   o +.+|
[    9.782644] cloud-init[978]: |             . ..|
[    9.782985] cloud-init[978]: |                 |
[    9.783326] cloud-init[978]: +----[SHA256]-----+
[    9.783641] cloud-init[978]: Generating public/private ed25519 key pair.
[    9.784036] cloud-init[978]: Your identification has been saved in /etc/ssh/ssh_host_ed25519_key.
[    9.784559] cloud-init[978]: Your public key has been saved in /etc/ssh/ssh_host_ed25519_key.pub.
[    9.785100] cloud-init[978]: The key fingerprint is:
[    9.785442] cloud-init[978]: SHA256:UaX6Ad7vFxUjBVtREStp+SxyweiFMK4PWAqaKDWZbWo root@ubuntu-bionic
[    9.785926] cloud-init[978]: The key's randomart image is:
[    9.786281] cloud-init[978]: +--[ED25519 256]--+
[    9.786587] cloud-init[978]: |         o....o**|
[    9.786896] cloud-init[978]: |   +    ..o.+.=o.|
[    9.787227] cloud-init[978]: |  =.o  .o..o X..o|
[    9.787541] cloud-init[978]: |..o+. +..=. o = .|
[    9.787853] cloud-init[978]: |ooE  o oS oo o + |
[    9.788182] cloud-init[978]: |..      o. oo o  |
[    9.788492] cloud-init[978]: |         .. .  . |
[    9.788805] cloud-init[978]: |           .  .  |
[    9.789137] cloud-init[978]: |            ..   |
[    9.789460] cloud-init[978]: +----[SHA256]-----+
[[0;32m  OK  [0m] Started Initial cloud-init job (metadata service crawler).
[[0;32m  OK  [0m] Reached target System Initialization.
[[0;32m  OK  [0m] Listening on Open-iSCSI iscsid Socket.
[[0;32m  OK  [0m] Started Discard unused blocks once a week.
[[0;32m  OK  [0m] Listening on ACPID Listen Socket.
[[0;32m  OK  [0m] Started Ubuntu Advantage Timer for running repeated jobs.
[[0;32m  OK  [0m] Started Daily Cleanup of Temporary Directories.
[[0;32m  OK  [0m] Started Daily apt download activities.
[[0;32m  OK  [0m] Started Daily apt upgrade and clean activities.
[[0;32m  OK  [0m] Listening on cloud-init hotplug hook socket.
[[0;32m  OK  [0m] Started ACPI Events Check.
         Starting LXD - unix socket.
[[0;32m  OK  [0m] Reached target Paths.
[[0;32m  OK  [0m] Listening on D-Bus System Message Bus Socket.
[[0;32m  OK  [0m] Listening on UUID daemon activation socket.
         Starting Socket activation for snappy daemon.
[[0;32m  OK  [0m] Started Message of the Day.
[[0;32m  OK  [0m] Reached target Timers.
[[0;32m  OK  [0m] Reached target Cloud-config availability.
[[0;32m  OK  [0m] Reached target Network is Online.
         Starting Availability of block devices...
[[0;32m  OK  [0m] Reached target Remote File Systems (Pre).
[[0;32m  OK  [0m] Reached target Remote File Systems.
[[0;32m  OK  [0m] Listening on LXD - unix socket.
[[0;32m  OK  [0m] Listening on Socket activation for snappy daemon.
[[0;32m  OK  [0m] Reached target Sockets.
[[0;32m  OK  [0m] Reached target Basic System.
         Starting LSB: automatic crash report generation...
         Starting LSB: Record successful boot for GRUB...
         Starting System Logging Service...
[[0;32m  OK  [0m] Started D-Bus System Message Bus.
[[0;32m  OK  [0m] Started irqbalance daemon.
[[0;32m  OK  [0m] Reached target Login Prompts (Pre).
         Starting Virtualbox guest utils...
[[0;32m  OK  [0m] Started Deferred execution scheduler.
         Starting Accounts Service...
         Starting Login Service...
         Starting Permit User Sessions...
         Starting Dispatcher daemon for systemd-networkd...
         Starting Snap Daemon...
[[0;32m  OK  [0m] Started Regular background program processing daemon.
         Starting Pollinate to seed the pseudo random number generator...
[[0;32m  OK  [0m] Started FUSE filesystem for LXC.
         Starting LXD - container startup/shutdown...
[[0;32m  OK  [0m] Started System Logging Service.
[[0;32m  OK  [0m] Started Availability of block devices.
[[0;32m  OK  [0m] Started Permit User Sessions.
         Starting Terminate Plymouth Boot Screen...
         Starting Hold until boot process finishes up...
[[0;32m  OK  [0m] Started Terminate Plymouth Boot Screen.
[[0;32m  OK  [0m] Started Hold until boot process finishes up.
[[0;32m  OK  [0m] Started Serial Getty on ttyS0.
         Starting Set console scheme...
[[0;32m  OK  [0m] Started Login Service.
[[0;32m  OK  [0m] Started Unattended Upgrades Shutdown.
[[0;32m  OK  [0m] Started LSB: automatic crash report generation.
[[0;32m  OK  [0m] Started Set console scheme.
[[0;32m  OK  [0m] Created slice system-getty.slice.
[[0;32m  OK  [0m] Started Getty on tty1.
[[0;32m  OK  [0m] Reached target Login Prompts.
[[0;32m  OK  [0m] Started LXD - container startup/shutdown.
[[0;32m  OK  [0m] Started LSB: Record successful boot for GRUB.
[[0;32m  OK  [0m] Started Virtualbox guest utils.
         Starting Authorization Manager...
[[0;32m  OK  [0m] Started Authorization Manager.
[[0;32m  OK  [0m] Started Accounts Service.
[[0;32m  OK  [0m] Started Dispatcher daemon for systemd-networkd.
[[0;32m  OK  [0m] Started Snap Daemon.
         Starting Wait until snapd is fully seeded...
         Starting Time & Date Service...
[[0;32m  OK  [0m] Started Time & Date Service.
[[0;32m  OK  [0m] Started Pollinate to seed the pseudo random number generator.
         Starting OpenBSD Secure Shell server...
[[0;32m  OK  [0m] Started OpenBSD Secure Shell server.
[[0;32m  OK  [0m] Created slice User Slice of vagrant.
         Starting User Manager for UID 1000...
[[0;32m  OK  [0m] Started Session 1 of user vagrant.
[[0;32m  OK  [0m] Started User Manager for UID 1000.
[[0;32m  OK  [0m] Started Wait until snapd is fully seeded.
         Starting Apply the settings specified in cloud-config...
[   15.200473] cloud-init[1691]: Cloud-init v. 23.1.2-0ubuntu0~18.04.1 running 'modules:config' at Sun, 28 Jul 2024 13:08:05 +0000. Up 14.95 seconds.
ci-info: no authorized SSH keys fingerprints found for user ubuntu.
<14>Jul 28 13:08:06 cloud-init: #############################################################
<14>Jul 28 13:08:06 cloud-init: -----BEGIN SSH HOST KEY FINGERPRINTS-----
<14>Jul 28 13:08:06 cloud-init: 1024 SHA256:GqQ5u4yQ1DNzMUHOa92CBTdvTRSorZzC6Y13eUyL6jE root@ubuntu-bionic (DSA)
<14>Jul 28 13:08:06 cloud-init: 256 SHA256:pVvzZKd3pZ2HMRMSiXnlzQxLkerEhxOU1vemAFiWrwU root@ubuntu-bionic (ECDSA)
<14>Jul 28 13:08:06 cloud-init: 256 SHA256:UaX6Ad7vFxUjBVtREStp+SxyweiFMK4PWAqaKDWZbWo root@ubuntu-bionic (ED25519)
<14>Jul 28 13:08:06 cloud-init: 2048 SHA256:eeyxC7kbluAGRaqk4Qdq9E3yW76LR/94OSG6/FWk9Ks root@ubuntu-bionic (RSA)
<14>Jul 28 13:08:06 cloud-init: -----END SSH HOST KEY FINGERPRINTS-----
<14>Jul 28 13:08:06 cloud-init: #############################################################
-----BEGIN SSH HOST KEY KEYS-----
ecdsa-sha2-nistp256 AAAAE2VjZHNhLXNoYTItbmlzdHAyNTYAAAAIbmlzdHAyNTYAAABBBOmqqudP0UdyB/DdALEp+Y10mjkO11DGZvgeUzHU43j7/qSRokYa2uHQ129UPIzzl7FJ9rFOSO875cyPmkevle8= root@ubuntu-bionic
ssh-ed25519 AAAAC3NzaC1lZDI1NTE5AAAAINpTW31SucrTte8awoGuaMF0Uo5C9YEkaq6sug4mkLd6 root@ubuntu-bionic
ssh-rsa AAAAB3NzaC1yc2EAAAADAQABAAABAQDPJj1WVtMQ39zMYCahvWyrPmRBZHgmATKzbKF3OqXVlO0uMeKigXlGHektgXfEV4MLJaH3XfKvpLl93xO9+sk6KwDrwAnbij8wsZ7v6wWcQ7V8mr80jXl2Y6/9hm27GIunrc6tF07ytGGMz882TKYO/70LXllJA4HCppLyOd+vT6boD/t2VHKlPQf+EEfdGcY4YQ0KTvEYIK/eOFoYV3g4UgGKGAQBd9ej2kv8KePw9dpA7h8JcJrdg5cZkrh3p9daLsxu+poLYOmZEPR3Q7vnrSKJQjz8RUVMI4cb2lRrjsJBDNWwOhOx7SKcgMkRK9qWe0uFoW5/OzRQU+TIXELr root@ubuntu-bionic
-----END SSH HOST KEY KEYS-----
[   15.646771] cloud-init[1789]: Cloud-init v. 23.1.2-0ubuntu0~18.04.1 running 'modules:final' at Sun, 28 Jul 2024 13:08:06 +0000. Up 15.49 seconds.
[   15.646898] cloud-init[1789]: Cloud-init v. 23.1.2-0ubuntu0~18.04.1 finished at Sun, 28 Jul 2024 13:08:06 +0000. Datasource DataSourceNoCloud [seed=/dev/sdb][dsmode=net].  Up 15.64 seconds

Ubuntu 18.04.6 LTS worker-2 ttyS0

worker-2 login:                                                                                                                                                                                                                                                                                                                                                                                                                                                                                                                                                                                                                  